<?xml version="1.0" encoding="UTF-8" ?>
<testsuite errors="0" failures="0" hostname="THINKSTATION" name="com.mcnz.rps.GameSummaryTest" skipped="0" tests="4" time="0.114" timestamp="2020-11-26T22:48:00">
  <properties>
[...]
</properties>
  <testcase classname="com.mcnz.rps.GameSummaryTest" name="testGetClientGesture" time="0.003" />
  <testcase classname="com.mcnz.rps.GameSummaryTest" name="testGetServerGesture" time="0.001" />
  <testcase classname="com.mcnz.rps.GameSummaryTest" name="testGetDate" time="0.0" />
  <testcase classname="com.mcnz.rps.GameSummaryTest" name="testGetResult" time="0.0" />
  <system-out><![CDATA[]]></system-out>
  <system-err><![CDATA[]]></system-err>
</testsuite>
